2023-07-21 18:17:13,963	[INFO]	(client.py:159)_bot_login	[botpy] 登录机器人账号中...
2023-07-21 18:17:14,632	[INFO]	(client.py:178)_bot_init	[botpy] 程序启动...
2023-07-21 18:17:14,632	[INFO]	(connection.py:59)multi_run	[botpy] 最大并发连接数: 1, 启动会话数: 1
2023-07-21 18:17:14,633	[INFO]	(client.py:236)bot_connect	[botpy] 会话启动中...
2023-07-21 18:17:14,633	[INFO]	(gateway.py:110)ws_connect	[botpy] 启动中...
2023-07-21 18:17:14,839	[INFO]	(gateway.py:136)ws_identify	[botpy] 鉴权中...
2023-07-21 18:17:14,981	[INFO]	(gateway.py:80)on_message	[botpy] 机器人「OWER-测试中」启动成功！
2023-07-21 18:17:14,981	[INFO]	(gateway.py:217)_send_heart	[botpy] 心跳维持启动...
2023-07-21 18:17:14,983	[INFO]	(main.py:17)on_ready	robot 「OWER-测试中」 on_ready!
2023-07-21 18:17:29,057	[INFO]	(main.py:21)on_at_message_create	https://qqchannel-profile-1251316161.file.myqcloud.com/16605616176d9cc4db9e8eebcd?t=1660561617
2023-07-21 18:17:29,058	[INFO]	(main.py:24)on_at_message_create	白瞎子
2023-07-21 18:21:19,403	[INFO]	(client.py:159)_bot_login	[botpy] 登录机器人账号中...
2023-07-21 18:21:19,924	[INFO]	(client.py:178)_bot_init	[botpy] 程序启动...
2023-07-21 18:21:19,924	[INFO]	(connection.py:59)multi_run	[botpy] 最大并发连接数: 1, 启动会话数: 1
2023-07-21 18:21:19,925	[INFO]	(client.py:236)bot_connect	[botpy] 会话启动中...
2023-07-21 18:21:19,925	[INFO]	(gateway.py:110)ws_connect	[botpy] 启动中...
2023-07-21 18:21:20,133	[INFO]	(gateway.py:136)ws_identify	[botpy] 鉴权中...
2023-07-21 18:21:20,242	[INFO]	(gateway.py:80)on_message	[botpy] 机器人「OWER-测试中」启动成功！
2023-07-21 18:21:20,242	[INFO]	(gateway.py:217)_send_heart	[botpy] 心跳维持启动...
2023-07-21 18:21:20,242	[INFO]	(main.py:17)on_ready	robot 「OWER-测试中」 on_ready!
2023-07-21 18:21:26,267	[INFO]	(main.py:21)on_at_message_create	https://qqchannel-profile-1251316161.file.myqcloud.com/16605616176d9cc4db9e8eebcd?t=1660561617
2023-07-21 18:21:26,267	[INFO]	(main.py:24)on_at_message_create	白瞎子
2023-07-21 18:21:34,293	[INFO]	(main.py:21)on_at_message_create	https://qqchannel-profile-1251316161.file.myqcloud.com/16605616176d9cc4db9e8eebcd?t=1660561617
2023-07-21 18:21:34,293	[INFO]	(main.py:24)on_at_message_create	白瞎子
2023-07-21 18:22:00,056	[INFO]	(client.py:159)_bot_login	[botpy] 登录机器人账号中...
2023-07-21 18:22:00,625	[INFO]	(client.py:178)_bot_init	[botpy] 程序启动...
2023-07-21 18:22:00,626	[INFO]	(connection.py:59)multi_run	[botpy] 最大并发连接数: 1, 启动会话数: 1
2023-07-21 18:22:00,626	[INFO]	(client.py:236)bot_connect	[botpy] 会话启动中...
2023-07-21 18:22:00,626	[INFO]	(gateway.py:110)ws_connect	[botpy] 启动中...
2023-07-21 18:22:00,815	[INFO]	(gateway.py:136)ws_identify	[botpy] 鉴权中...
2023-07-21 18:22:00,932	[INFO]	(gateway.py:80)on_message	[botpy] 机器人「OWER-测试中」启动成功！
2023-07-21 18:22:00,932	[INFO]	(gateway.py:217)_send_heart	[botpy] 心跳维持启动...
2023-07-21 18:22:00,932	[INFO]	(main.py:17)on_ready	robot 「OWER-测试中」 on_ready!
2023-07-21 18:22:05,951	[INFO]	(main.py:21)on_at_message_create	https://qqchannel-profile-1251316161.file.myqcloud.com/16605616176d9cc4db9e8eebcd?t=1660561617
2023-07-21 18:22:05,951	[INFO]	(main.py:24)on_at_message_create	白瞎子
2023-07-21 18:23:18,113	[INFO]	(client.py:159)_bot_login	[botpy] 登录机器人账号中...
2023-07-21 18:23:18,651	[INFO]	(client.py:178)_bot_init	[botpy] 程序启动...
2023-07-21 18:23:18,652	[INFO]	(connection.py:59)multi_run	[botpy] 最大并发连接数: 1, 启动会话数: 1
2023-07-21 18:23:18,652	[INFO]	(client.py:236)bot_connect	[botpy] 会话启动中...
2023-07-21 18:23:18,652	[INFO]	(gateway.py:110)ws_connect	[botpy] 启动中...
2023-07-21 18:23:18,837	[INFO]	(gateway.py:136)ws_identify	[botpy] 鉴权中...
2023-07-21 18:23:18,919	[INFO]	(gateway.py:80)on_message	[botpy] 机器人「OWER-测试中」启动成功！
2023-07-21 18:23:18,920	[INFO]	(gateway.py:217)_send_heart	[botpy] 心跳维持启动...
2023-07-21 18:23:18,920	[INFO]	(main.py:17)on_ready	robot 「OWER-测试中」 on_ready!
2023-07-21 18:23:27,940	[INFO]	(main.py:21)on_at_message_create	https://qqchannel-profile-1251316161.file.myqcloud.com/16605616176d9cc4db9e8eebcd?t=1660561617
2023-07-21 18:23:27,940	[INFO]	(main.py:24)on_at_message_create	白瞎子
2023-07-21 18:23:42,967	[INFO]	(client.py:159)_bot_login	[botpy] 登录机器人账号中...
2023-07-21 18:23:44,430	[INFO]	(client.py:178)_bot_init	[botpy] 程序启动...
2023-07-21 18:23:44,431	[INFO]	(connection.py:59)multi_run	[botpy] 最大并发连接数: 1, 启动会话数: 1
2023-07-21 18:23:44,431	[INFO]	(client.py:236)bot_connect	[botpy] 会话启动中...
2023-07-21 18:23:44,431	[INFO]	(gateway.py:110)ws_connect	[botpy] 启动中...
2023-07-21 18:23:44,596	[INFO]	(gateway.py:136)ws_identify	[botpy] 鉴权中...
2023-07-21 18:23:44,715	[INFO]	(gateway.py:80)on_message	[botpy] 机器人「OWER-测试中」启动成功！
2023-07-21 18:23:44,715	[INFO]	(gateway.py:217)_send_heart	[botpy] 心跳维持启动...
2023-07-21 18:23:44,716	[INFO]	(main.py:17)on_ready	robot 「OWER-测试中」 on_ready!
2023-07-21 18:23:49,761	[INFO]	(main.py:21)on_at_message_create	https://qqchannel-profile-1251316161.file.myqcloud.com/16605616176d9cc4db9e8eebcd?t=1660561617
2023-07-21 18:23:49,761	[INFO]	(main.py:24)on_at_message_create	白瞎子
2023-07-21 18:24:18,769	[INFO]	(client.py:159)_bot_login	[botpy] 登录机器人账号中...
2023-07-21 18:24:19,323	[INFO]	(client.py:178)_bot_init	[botpy] 程序启动...
2023-07-21 18:24:19,323	[INFO]	(connection.py:59)multi_run	[botpy] 最大并发连接数: 1, 启动会话数: 1
2023-07-21 18:24:19,324	[INFO]	(client.py:236)bot_connect	[botpy] 会话启动中...
2023-07-21 18:24:19,324	[INFO]	(gateway.py:110)ws_connect	[botpy] 启动中...
2023-07-21 18:24:19,502	[INFO]	(gateway.py:136)ws_identify	[botpy] 鉴权中...
2023-07-21 18:24:19,588	[INFO]	(gateway.py:80)on_message	[botpy] 机器人「OWER-测试中」启动成功！
2023-07-21 18:24:19,589	[INFO]	(gateway.py:217)_send_heart	[botpy] 心跳维持启动...
2023-07-21 18:24:19,589	[INFO]	(main.py:17)on_ready	robot 「OWER-测试中」 on_ready!
2023-07-21 18:24:25,610	[INFO]	(main.py:21)on_at_message_create	https://qqchannel-profile-1251316161.file.myqcloud.com/16605616176d9cc4db9e8eebcd?t=1660561617
2023-07-21 18:24:25,610	[INFO]	(main.py:24)on_at_message_create	白瞎子
2023-07-21 18:24:25,862	[ERROR]	(http.py:73)_handle_response	[botpy] 接口请求异常，请求连接: https://api.sgroup.qq.com/channels/562873553/messages, 错误代码: 400, 返回内容: {'code': 50006, 'message': 'empty msg'}, trace_id:f1bdd39b9d88ad368eb8547541b1be3e
2023-07-21 18:24:45,764	[INFO]	(client.py:159)_bot_login	[botpy] 登录机器人账号中...
2023-07-21 18:24:46,318	[INFO]	(client.py:178)_bot_init	[botpy] 程序启动...
2023-07-21 18:24:46,318	[INFO]	(connection.py:59)multi_run	[botpy] 最大并发连接数: 1, 启动会话数: 1
2023-07-21 18:24:46,318	[INFO]	(client.py:236)bot_connect	[botpy] 会话启动中...
2023-07-21 18:24:46,318	[INFO]	(gateway.py:110)ws_connect	[botpy] 启动中...
2023-07-21 18:24:46,501	[INFO]	(gateway.py:136)ws_identify	[botpy] 鉴权中...
2023-07-21 18:24:46,648	[INFO]	(gateway.py:80)on_message	[botpy] 机器人「OWER-测试中」启动成功！
2023-07-21 18:24:46,649	[INFO]	(gateway.py:217)_send_heart	[botpy] 心跳维持启动...
2023-07-21 18:24:46,649	[INFO]	(main.py:17)on_ready	robot 「OWER-测试中」 on_ready!
2023-07-21 18:24:54,700	[INFO]	(main.py:21)on_at_message_create	https://qqchannel-profile-1251316161.file.myqcloud.com/16605616176d9cc4db9e8eebcd?t=1660561617
2023-07-21 18:24:54,700	[INFO]	(main.py:24)on_at_message_create	白瞎子
2023-07-21 18:24:54,966	[ERROR]	(http.py:73)_handle_response	[botpy] 接口请求异常，请求连接: https://api.sgroup.qq.com/channels/562873553/messages, 错误代码: 400, 返回内容: {'code': 50006, 'message': 'empty msg'}, trace_id:390e5b728dc37e3e303332fad6921934
2023-07-21 18:25:33,098	[INFO]	(client.py:159)_bot_login	[botpy] 登录机器人账号中...
2023-07-21 18:25:33,791	[INFO]	(client.py:178)_bot_init	[botpy] 程序启动...
2023-07-21 18:25:33,791	[INFO]	(connection.py:59)multi_run	[botpy] 最大并发连接数: 1, 启动会话数: 1
2023-07-21 18:25:33,791	[INFO]	(client.py:236)bot_connect	[botpy] 会话启动中...
2023-07-21 18:25:33,792	[INFO]	(gateway.py:110)ws_connect	[botpy] 启动中...
2023-07-21 18:25:33,979	[INFO]	(gateway.py:136)ws_identify	[botpy] 鉴权中...
2023-07-21 18:25:34,084	[INFO]	(gateway.py:80)on_message	[botpy] 机器人「OWER-测试中」启动成功！
2023-07-21 18:25:34,085	[INFO]	(gateway.py:217)_send_heart	[botpy] 心跳维持启动...
2023-07-21 18:25:34,086	[INFO]	(main.py:17)on_ready	robot 「OWER-测试中」 on_ready!
2023-07-21 18:25:40,127	[INFO]	(main.py:20)on_at_message_create	https://qqchannel-profile-1251316161.file.myqcloud.com/16605616176d9cc4db9e8eebcd?t=1660561617
2023-07-21 18:25:40,127	[INFO]	(main.py:21)on_at_message_create	白瞎子
2023-07-21 18:25:40,376	[ERROR]	(http.py:73)_handle_response	[botpy] 接口请求异常，请求连接: https://api.sgroup.qq.com/channels/562873553/messages, 错误代码: 400, 返回内容: {'code': 50006, 'message': 'empty msg'}, trace_id:0924d0d275f546a56f549fff58f87abc
2023-07-21 18:26:03,419	[INFO]	(client.py:159)_bot_login	[botpy] 登录机器人账号中...
2023-07-21 18:26:03,941	[INFO]	(client.py:178)_bot_init	[botpy] 程序启动...
2023-07-21 18:26:03,941	[INFO]	(connection.py:59)multi_run	[botpy] 最大并发连接数: 1, 启动会话数: 1
2023-07-21 18:26:03,941	[INFO]	(client.py:236)bot_connect	[botpy] 会话启动中...
2023-07-21 18:26:03,941	[INFO]	(gateway.py:110)ws_connect	[botpy] 启动中...
2023-07-21 18:26:04,723	[INFO]	(gateway.py:136)ws_identify	[botpy] 鉴权中...
2023-07-21 18:26:04,799	[INFO]	(gateway.py:80)on_message	[botpy] 机器人「OWER-测试中」启动成功！
2023-07-21 18:26:04,800	[INFO]	(gateway.py:217)_send_heart	[botpy] 心跳维持启动...
2023-07-21 18:26:04,800	[INFO]	(main.py:17)on_ready	robot 「OWER-测试中」 on_ready!
2023-07-21 18:26:11,833	[INFO]	(main.py:20)on_at_message_create	https://qqchannel-profile-1251316161.file.myqcloud.com/16605616176d9cc4db9e8eebcd?t=1660561617
2023-07-21 18:26:11,833	[INFO]	(main.py:21)on_at_message_create	白瞎子
2023-07-21 18:26:34,869	[INFO]	(main.py:20)on_at_message_create	https://qqchannel-profile-1251316161.file.myqcloud.com/16605616176d9cc4db9e8eebcd?t=1660561617
2023-07-21 18:26:34,870	[INFO]	(main.py:21)on_at_message_create	白瞎子
2023-07-21 18:26:48,001	[INFO]	(client.py:159)_bot_login	[botpy] 登录机器人账号中...
2023-07-21 18:26:48,508	[INFO]	(client.py:178)_bot_init	[botpy] 程序启动...
2023-07-21 18:26:48,508	[INFO]	(connection.py:59)multi_run	[botpy] 最大并发连接数: 1, 启动会话数: 1
2023-07-21 18:26:48,508	[INFO]	(client.py:236)bot_connect	[botpy] 会话启动中...
2023-07-21 18:26:48,508	[INFO]	(gateway.py:110)ws_connect	[botpy] 启动中...
2023-07-21 18:26:48,710	[INFO]	(gateway.py:136)ws_identify	[botpy] 鉴权中...
2023-07-21 18:26:48,817	[INFO]	(gateway.py:80)on_message	[botpy] 机器人「OWER-测试中」启动成功！
2023-07-21 18:26:48,818	[INFO]	(gateway.py:217)_send_heart	[botpy] 心跳维持启动...
2023-07-21 18:26:48,818	[INFO]	(main.py:17)on_ready	robot 「OWER-测试中」 on_ready!
2023-07-21 18:26:54,869	[INFO]	(main.py:20)on_at_message_create	https://qqchannel-profile-1251316161.file.myqcloud.com/16605616176d9cc4db9e8eebcd?t=1660561617
2023-07-21 18:26:54,870	[INFO]	(main.py:21)on_at_message_create	白瞎子
2023-07-21 18:31:19,248	[INFO]	(client.py:159)_bot_login	[botpy] 登录机器人账号中...
2023-07-21 18:31:19,813	[INFO]	(client.py:178)_bot_init	[botpy] 程序启动...
2023-07-21 18:31:19,814	[INFO]	(connection.py:59)multi_run	[botpy] 最大并发连接数: 1, 启动会话数: 1
2023-07-21 18:31:19,814	[INFO]	(client.py:236)bot_connect	[botpy] 会话启动中...
2023-07-21 18:31:19,814	[INFO]	(gateway.py:110)ws_connect	[botpy] 启动中...
2023-07-21 18:31:19,996	[INFO]	(gateway.py:136)ws_identify	[botpy] 鉴权中...
2023-07-21 18:31:20,098	[INFO]	(gateway.py:80)on_message	[botpy] 机器人「OWER-测试中」启动成功！
2023-07-21 18:31:20,098	[INFO]	(gateway.py:217)_send_heart	[botpy] 心跳维持启动...
2023-07-21 18:31:20,098	[INFO]	(main.py:17)on_ready	robot 「OWER-测试中」 on_ready!
2023-07-21 18:31:25,124	[INFO]	(main.py:20)on_at_message_create	https://qqchannel-profile-1251316161.file.myqcloud.com/16605616176d9cc4db9e8eebcd?t=1660561617
2023-07-21 18:31:25,124	[INFO]	(main.py:21)on_at_message_create	白瞎子
2023-07-21 18:31:29,130	[ERROR]	(http.py:73)_handle_response	[botpy] 接口请求异常，请求连接: https://api.sgroup.qq.com/channels/562873553/messages, 错误代码: 400, 返回内容: {'code': 50006, 'message': 'empty msg'}, trace_id:983ff0aa895b94f2dfdc95bc53f421df
2023-07-21 18:31:50,992	[INFO]	(client.py:159)_bot_login	[botpy] 登录机器人账号中...
2023-07-21 18:31:51,512	[INFO]	(client.py:178)_bot_init	[botpy] 程序启动...
2023-07-21 18:31:51,512	[INFO]	(connection.py:59)multi_run	[botpy] 最大并发连接数: 1, 启动会话数: 1
2023-07-21 18:31:51,513	[INFO]	(client.py:236)bot_connect	[botpy] 会话启动中...
2023-07-21 18:31:51,513	[INFO]	(gateway.py:110)ws_connect	[botpy] 启动中...
2023-07-21 18:31:51,696	[INFO]	(gateway.py:136)ws_identify	[botpy] 鉴权中...
2023-07-21 18:31:51,793	[INFO]	(gateway.py:80)on_message	[botpy] 机器人「OWER-测试中」启动成功！
2023-07-21 18:31:51,794	[INFO]	(gateway.py:217)_send_heart	[botpy] 心跳维持启动...
2023-07-21 18:31:51,794	[INFO]	(main.py:17)on_ready	robot 「OWER-测试中」 on_ready!
2023-07-21 18:31:57,800	[INFO]	(main.py:20)on_at_message_create	https://qqchannel-profile-1251316161.file.myqcloud.com/16605616176d9cc4db9e8eebcd?t=1660561617
2023-07-21 18:31:57,800	[INFO]	(main.py:21)on_at_message_create	白瞎子
2023-07-21 18:32:01,305	[ERROR]	(http.py:73)_handle_response	[botpy] 接口请求异常，请求连接: https://api.sgroup.qq.com/channels/562873553/messages, 错误代码: 400, 返回内容: {'code': 50006, 'message': 'empty msg'}, trace_id:4b0bd0cc7bc11c081dd13275f88f0aea
2023-07-21 18:32:37,274	[INFO]	(client.py:159)_bot_login	[botpy] 登录机器人账号中...
2023-07-21 18:32:37,793	[INFO]	(client.py:178)_bot_init	[botpy] 程序启动...
2023-07-21 18:32:37,793	[INFO]	(connection.py:59)multi_run	[botpy] 最大并发连接数: 1, 启动会话数: 1
2023-07-21 18:32:37,794	[INFO]	(client.py:236)bot_connect	[botpy] 会话启动中...
2023-07-21 18:32:37,794	[INFO]	(gateway.py:110)ws_connect	[botpy] 启动中...
2023-07-21 18:32:37,982	[INFO]	(gateway.py:136)ws_identify	[botpy] 鉴权中...
2023-07-21 18:32:38,063	[INFO]	(gateway.py:80)on_message	[botpy] 机器人「OWER-测试中」启动成功！
2023-07-21 18:32:38,064	[INFO]	(gateway.py:217)_send_heart	[botpy] 心跳维持启动...
2023-07-21 18:32:38,064	[INFO]	(main.py:17)on_ready	robot 「OWER-测试中」 on_ready!
2023-07-21 18:32:43,091	[INFO]	(main.py:20)on_at_message_create	https://qqchannel-profile-1251316161.file.myqcloud.com/16605616176d9cc4db9e8eebcd?t=1660561617
2023-07-21 18:32:43,091	[INFO]	(main.py:21)on_at_message_create	白瞎子
2023-07-21 18:32:46,458	[ERROR]	(http.py:73)_handle_response	[botpy] 接口请求异常，请求连接: https://api.sgroup.qq.com/channels/562873553/messages, 错误代码: 400, 返回内容: {'code': 50006, 'message': 'empty msg'}, trace_id:3eaf3fc026bf84c11fc541b16d85da5a
2023-07-21 18:33:23,118	[INFO]	(client.py:159)_bot_login	[botpy] 登录机器人账号中...
2023-07-21 18:33:23,654	[INFO]	(client.py:178)_bot_init	[botpy] 程序启动...
2023-07-21 18:33:23,654	[INFO]	(connection.py:59)multi_run	[botpy] 最大并发连接数: 1, 启动会话数: 1
2023-07-21 18:33:23,654	[INFO]	(client.py:236)bot_connect	[botpy] 会话启动中...
2023-07-21 18:33:23,654	[INFO]	(gateway.py:110)ws_connect	[botpy] 启动中...
2023-07-21 18:33:23,828	[INFO]	(gateway.py:136)ws_identify	[botpy] 鉴权中...
2023-07-21 18:33:23,910	[INFO]	(gateway.py:80)on_message	[botpy] 机器人「OWER-测试中」启动成功！
2023-07-21 18:33:23,910	[INFO]	(gateway.py:217)_send_heart	[botpy] 心跳维持启动...
2023-07-21 18:33:23,911	[INFO]	(main.py:17)on_ready	robot 「OWER-测试中」 on_ready!
2023-07-21 18:33:27,931	[INFO]	(main.py:20)on_at_message_create	https://qqchannel-profile-1251316161.file.myqcloud.com/16605616176d9cc4db9e8eebcd?t=1660561617
2023-07-21 18:33:27,932	[INFO]	(main.py:21)on_at_message_create	白瞎子
2023-07-21 18:33:31,583	[ERROR]	(http.py:73)_handle_response	[botpy] 接口请求异常，请求连接: https://api.sgroup.qq.com/channels/562873553/messages, 错误代码: 400, 返回内容: {'code': 50006, 'message': 'empty msg'}, trace_id:93db6a7f0b52cfa935c2798621caf77a
2023-07-21 18:33:59,759	[INFO]	(client.py:159)_bot_login	[botpy] 登录机器人账号中...
2023-07-21 18:34:00,268	[INFO]	(client.py:178)_bot_init	[botpy] 程序启动...
2023-07-21 18:34:00,268	[INFO]	(connection.py:59)multi_run	[botpy] 最大并发连接数: 1, 启动会话数: 1
2023-07-21 18:34:00,268	[INFO]	(client.py:236)bot_connect	[botpy] 会话启动中...
2023-07-21 18:34:00,268	[INFO]	(gateway.py:110)ws_connect	[botpy] 启动中...
2023-07-21 18:34:00,476	[INFO]	(gateway.py:136)ws_identify	[botpy] 鉴权中...
2023-07-21 18:34:00,568	[INFO]	(gateway.py:80)on_message	[botpy] 机器人「OWER-测试中」启动成功！
2023-07-21 18:34:00,568	[INFO]	(gateway.py:217)_send_heart	[botpy] 心跳维持启动...
2023-07-21 18:34:00,568	[INFO]	(main.py:17)on_ready	robot 「OWER-测试中」 on_ready!
2023-07-21 18:34:07,594	[INFO]	(main.py:20)on_at_message_create	https://qqchannel-profile-1251316161.file.myqcloud.com/16605616176d9cc4db9e8eebcd?t=1660561617
2023-07-21 18:34:07,594	[INFO]	(main.py:21)on_at_message_create	白瞎子
2023-07-21 18:34:11,109	[ERROR]	(http.py:73)_handle_response	[botpy] 接口请求异常，请求连接: https://api.sgroup.qq.com/channels/562873553/messages, 错误代码: 400, 返回内容: {'code': 50006, 'message': 'empty msg'}, trace_id:5231f37a8dc85cc80dca364bb7c4a20d
2023-07-21 18:35:30,467	[INFO]	(client.py:159)_bot_login	[botpy] 登录机器人账号中...
2023-07-21 18:35:31,032	[INFO]	(client.py:178)_bot_init	[botpy] 程序启动...
2023-07-21 18:35:31,032	[INFO]	(connection.py:59)multi_run	[botpy] 最大并发连接数: 1, 启动会话数: 1
2023-07-21 18:35:31,032	[INFO]	(client.py:236)bot_connect	[botpy] 会话启动中...
2023-07-21 18:35:31,032	[INFO]	(gateway.py:110)ws_connect	[botpy] 启动中...
2023-07-21 18:35:31,251	[INFO]	(gateway.py:136)ws_identify	[botpy] 鉴权中...
2023-07-21 18:35:31,395	[INFO]	(gateway.py:80)on_message	[botpy] 机器人「OWER-测试中」启动成功！
2023-07-21 18:35:31,395	[INFO]	(gateway.py:217)_send_heart	[botpy] 心跳维持启动...
2023-07-21 18:35:31,395	[INFO]	(main.py:17)on_ready	robot 「OWER-测试中」 on_ready!
2023-07-21 18:35:36,427	[INFO]	(main.py:20)on_at_message_create	https://qqchannel-profile-1251316161.file.myqcloud.com/16605616176d9cc4db9e8eebcd?t=1660561617
2023-07-21 18:35:36,427	[INFO]	(main.py:21)on_at_message_create	白瞎子
2023-07-21 19:43:53,879	[INFO]	(client.py:159)_bot_login	[botpy] 登录机器人账号中...
2023-07-21 19:43:54,398	[INFO]	(client.py:178)_bot_init	[botpy] 程序启动...
2023-07-21 19:43:54,398	[INFO]	(connection.py:59)multi_run	[botpy] 最大并发连接数: 1, 启动会话数: 1
2023-07-21 19:43:54,398	[INFO]	(client.py:236)bot_connect	[botpy] 会话启动中...
2023-07-21 19:43:54,398	[INFO]	(gateway.py:110)ws_connect	[botpy] 启动中...
2023-07-21 19:43:54,587	[INFO]	(gateway.py:136)ws_identify	[botpy] 鉴权中...
2023-07-21 19:43:54,690	[INFO]	(gateway.py:80)on_message	[botpy] 机器人「OWER-测试中」启动成功！
2023-07-21 19:43:54,690	[INFO]	(gateway.py:217)_send_heart	[botpy] 心跳维持启动...
2023-07-21 19:43:54,690	[INFO]	(main.py:17)on_ready	robot 「OWER-测试中」 on_ready!
2023-07-21 19:44:39,273	[INFO]	(client.py:159)_bot_login	[botpy] 登录机器人账号中...
2023-07-21 19:44:40,102	[INFO]	(client.py:178)_bot_init	[botpy] 程序启动...
2023-07-21 19:44:40,102	[INFO]	(connection.py:59)multi_run	[botpy] 最大并发连接数: 1, 启动会话数: 1
2023-07-21 19:44:40,102	[INFO]	(client.py:236)bot_connect	[botpy] 会话启动中...
2023-07-21 19:44:40,103	[INFO]	(gateway.py:110)ws_connect	[botpy] 启动中...
2023-07-21 19:44:40,328	[INFO]	(gateway.py:136)ws_identify	[botpy] 鉴权中...
2023-07-21 19:44:40,448	[INFO]	(gateway.py:80)on_message	[botpy] 机器人「Ower-测试中」启动成功！
2023-07-21 19:44:40,448	[INFO]	(gateway.py:217)_send_heart	[botpy] 心跳维持启动...
2023-07-21 19:44:40,448	[INFO]	(main.py:17)on_ready	robot 「Ower-测试中」 on_ready!
2023-07-21 19:44:48,467	[INFO]	(main.py:20)on_at_message_create	https://qqchannel-profile-1251316161.file.myqcloud.com/16605616176d9cc4db9e8eebcd?t=1660561617
2023-07-21 19:44:48,467	[INFO]	(main.py:21)on_at_message_create	白瞎子
2023-07-21 19:51:40,587	[INFO]	(client.py:159)_bot_login	[botpy] 登录机器人账号中...
2023-07-21 19:51:41,106	[INFO]	(client.py:178)_bot_init	[botpy] 程序启动...
2023-07-21 19:51:41,106	[INFO]	(connection.py:59)multi_run	[botpy] 最大并发连接数: 1, 启动会话数: 1
2023-07-21 19:51:41,107	[INFO]	(client.py:236)bot_connect	[botpy] 会话启动中...
2023-07-21 19:51:41,107	[INFO]	(gateway.py:110)ws_connect	[botpy] 启动中...
2023-07-21 19:51:41,298	[INFO]	(gateway.py:136)ws_identify	[botpy] 鉴权中...
2023-07-21 19:51:41,638	[INFO]	(gateway.py:80)on_message	[botpy] 机器人「Ower-测试中」启动成功！
2023-07-21 19:51:41,638	[INFO]	(gateway.py:217)_send_heart	[botpy] 心跳维持启动...
2023-07-21 19:51:41,638	[INFO]	(main.py:17)on_ready	robot 「Ower-测试中」 on_ready!
2023-07-21 20:21:41,318	[INFO]	(gateway.py:54)on_closed	[botpy] 关闭, 返回码: 4009, 返回信息: Session timed out
2023-07-21 20:21:46,333	[INFO]	(connection.py:59)multi_run	[botpy] 最大并发连接数: 1, 启动会话数: 1
2023-07-21 20:21:46,333	[INFO]	(client.py:236)bot_connect	[botpy] 会话启动中...
2023-07-21 20:21:46,333	[INFO]	(gateway.py:110)ws_connect	[botpy] 启动中...
2023-07-21 20:21:47,095	[INFO]	(gateway.py:169)ws_resume	[botpy] 重连启动...
2023-07-21 20:21:47,212	[INFO]	(gateway.py:85)on_message	[botpy] 机器人重连成功! 
2023-07-21 20:21:47,212	[INFO]	(gateway.py:217)_send_heart	[botpy] 心跳维持启动...
2023-07-21 20:51:47,114	[INFO]	(gateway.py:54)on_closed	[botpy] 关闭, 返回码: 4009, 返回信息: Session timed out
2023-07-21 20:51:52,118	[INFO]	(connection.py:59)multi_run	[botpy] 最大并发连接数: 1, 启动会话数: 1
2023-07-21 20:51:52,118	[INFO]	(client.py:236)bot_connect	[botpy] 会话启动中...
2023-07-21 20:51:52,118	[INFO]	(gateway.py:110)ws_connect	[botpy] 启动中...
2023-07-21 20:51:52,316	[INFO]	(gateway.py:169)ws_resume	[botpy] 重连启动...
2023-07-21 20:51:52,386	[INFO]	(gateway.py:85)on_message	[botpy] 机器人重连成功! 
2023-07-21 20:51:52,386	[INFO]	(gateway.py:217)_send_heart	[botpy] 心跳维持启动...
2023-07-21 21:37:46,838	[INFO]	(client.py:159)_bot_login	[botpy] 登录机器人账号中...
2023-07-21 21:37:47,430	[INFO]	(client.py:178)_bot_init	[botpy] 程序启动...
2023-07-21 21:37:47,430	[INFO]	(connection.py:59)multi_run	[botpy] 最大并发连接数: 1, 启动会话数: 1
2023-07-21 21:37:47,430	[INFO]	(client.py:236)bot_connect	[botpy] 会话启动中...
2023-07-21 21:37:47,430	[INFO]	(gateway.py:110)ws_connect	[botpy] 启动中...
2023-07-21 21:37:47,624	[INFO]	(gateway.py:136)ws_identify	[botpy] 鉴权中...
2023-07-21 21:37:47,761	[INFO]	(gateway.py:80)on_message	[botpy] 机器人「Ower-测试中」启动成功！
2023-07-21 21:37:47,761	[INFO]	(gateway.py:217)_send_heart	[botpy] 心跳维持启动...
2023-07-21 21:37:47,761	[INFO]	(main.py:17)on_ready	robot 「Ower-测试中」 on_ready!
2023-07-21 21:45:00,445	[INFO]	(client.py:159)_bot_login	[botpy] 登录机器人账号中...
2023-07-21 21:45:01,012	[INFO]	(client.py:178)_bot_init	[botpy] 程序启动...
2023-07-21 21:45:01,013	[INFO]	(connection.py:59)multi_run	[botpy] 最大并发连接数: 1, 启动会话数: 1
2023-07-21 21:45:01,013	[INFO]	(client.py:236)bot_connect	[botpy] 会话启动中...
2023-07-21 21:45:01,013	[INFO]	(gateway.py:110)ws_connect	[botpy] 启动中...
2023-07-21 21:45:01,219	[INFO]	(gateway.py:136)ws_identify	[botpy] 鉴权中...
2023-07-21 21:45:01,329	[INFO]	(gateway.py:80)on_message	[botpy] 机器人「Ower-测试中」启动成功！
2023-07-21 21:45:01,329	[INFO]	(gateway.py:217)_send_heart	[botpy] 心跳维持启动...
2023-07-21 21:45:01,329	[INFO]	(main.py:17)on_ready	robot 「Ower-测试中」 on_ready!
2023-07-21 21:45:08,352	[INFO]	(main.py:20)on_at_message_create	https://qqchannel-profile-1251316161.file.myqcloud.com/16605616176d9cc4db9e8eebcd?t=1660561617
2023-07-21 21:45:08,352	[INFO]	(main.py:21)on_at_message_create	白瞎子
2023-07-21 21:46:11,975	[INFO]	(client.py:159)_bot_login	[botpy] 登录机器人账号中...
2023-07-21 21:46:12,633	[INFO]	(client.py:159)_bot_login	[botpy] 登录机器人账号中...
2023-07-21 21:46:13,222	[INFO]	(client.py:178)_bot_init	[botpy] 程序启动...
2023-07-21 21:46:13,223	[INFO]	(connection.py:59)multi_run	[botpy] 最大并发连接数: 1, 启动会话数: 1
2023-07-21 21:46:13,223	[INFO]	(client.py:236)bot_connect	[botpy] 会话启动中...
2023-07-21 21:46:13,223	[INFO]	(gateway.py:110)ws_connect	[botpy] 启动中...
2023-07-21 21:46:13,409	[INFO]	(gateway.py:136)ws_identify	[botpy] 鉴权中...
2023-07-21 21:46:13,554	[INFO]	(gateway.py:80)on_message	[botpy] 机器人「OWER-测试中」启动成功！
2023-07-21 21:46:13,554	[INFO]	(gateway.py:217)_send_heart	[botpy] 心跳维持启动...
2023-07-21 21:46:13,555	[INFO]	(main.py:17)on_ready	robot 「OWER-测试中」 on_ready!
2023-07-21 21:46:20,374	[INFO]	(client.py:159)_bot_login	[botpy] 登录机器人账号中...
2023-07-21 21:46:22,457	[INFO]	(client.py:178)_bot_init	[botpy] 程序启动...
2023-07-21 21:46:22,457	[INFO]	(connection.py:59)multi_run	[botpy] 最大并发连接数: 1, 启动会话数: 1
2023-07-21 21:46:22,457	[INFO]	(client.py:236)bot_connect	[botpy] 会话启动中...
2023-07-21 21:46:22,457	[INFO]	(gateway.py:110)ws_connect	[botpy] 启动中...
2023-07-21 21:46:22,713	[INFO]	(gateway.py:136)ws_identify	[botpy] 鉴权中...
2023-07-21 21:46:22,816	[INFO]	(gateway.py:80)on_message	[botpy] 机器人「GPT-测试中」启动成功！
2023-07-21 21:46:22,816	[INFO]	(gateway.py:217)_send_heart	[botpy] 心跳维持启动...
2023-07-21 21:46:22,817	[INFO]	(main.py:17)on_ready	robot 「GPT-测试中」 on_ready!
2023-07-21 21:46:50,860	[INFO]	(client.py:159)_bot_login	[botpy] 登录机器人账号中...
2023-07-21 21:46:51,548	[INFO]	(client.py:178)_bot_init	[botpy] 程序启动...
2023-07-21 21:46:51,548	[INFO]	(connection.py:59)multi_run	[botpy] 最大并发连接数: 1, 启动会话数: 1
2023-07-21 21:46:51,548	[INFO]	(client.py:236)bot_connect	[botpy] 会话启动中...
2023-07-21 21:46:51,548	[INFO]	(gateway.py:110)ws_connect	[botpy] 启动中...
2023-07-21 21:46:51,840	[INFO]	(gateway.py:136)ws_identify	[botpy] 鉴权中...
2023-07-21 21:46:51,961	[INFO]	(gateway.py:80)on_message	[botpy] 机器人「GPT-测试中」启动成功！
2023-07-21 21:46:51,962	[INFO]	(gateway.py:217)_send_heart	[botpy] 心跳维持启动...
2023-07-21 21:46:51,962	[INFO]	(main.py:17)on_ready	robot 「GPT-测试中」 on_ready!
2023-07-21 21:47:00,860	[INFO]	(main.py:20)on_at_message_create	https://qqchannel-profile-1251316161.file.myqcloud.com/16605616176d9cc4db9e8eebcd?t=1660561617
2023-07-21 21:47:00,860	[INFO]	(main.py:21)on_at_message_create	白瞎子
2023-07-21 21:47:00,997	[INFO]	(main.py:20)on_at_message_create	https://qqchannel-profile-1251316161.file.myqcloud.com/16605616176d9cc4db9e8eebcd?t=1660561617
2023-07-21 21:47:00,997	[INFO]	(main.py:21)on_at_message_create	白瞎子
2023-07-21 21:47:15,859	[INFO]	(main.py:20)on_at_message_create	https://qqchannel-profile-1251316161.file.myqcloud.com/16605616176d9cc4db9e8eebcd?t=1660561617
2023-07-21 21:47:15,859	[INFO]	(main.py:21)on_at_message_create	白瞎子
2023-07-21 21:47:16,024	[INFO]	(main.py:20)on_at_message_create	https://qqchannel-profile-1251316161.file.myqcloud.com/16605616176d9cc4db9e8eebcd?t=1660561617
2023-07-21 21:47:16,024	[INFO]	(main.py:21)on_at_message_create	白瞎子
2023-07-21 21:48:44,057	[INFO]	(main.py:20)on_at_message_create	http://thirdqq.qlogo.cn/g?b=oidb&k=eoGE1pmsfsF7pSBWxyPnKw&kti=ZJ2eoAAAAAE&s=0&t=1618210280
2023-07-21 21:48:44,058	[INFO]	(main.py:21)on_at_message_create	Bonsu'ior
2023-07-21 21:48:44,237	[INFO]	(main.py:20)on_at_message_create	http://thirdqq.qlogo.cn/g?b=oidb&k=eoGE1pmsfsF7pSBWxyPnKw&kti=ZJ2eoAAAAAE&s=0&t=1618210280
2023-07-21 21:48:44,237	[INFO]	(main.py:21)on_at_message_create	Bonsu'ior
2023-07-21 21:49:46,377	[INFO]	(main.py:20)on_at_message_create	http://thirdqq.qlogo.cn/g?b=oidb&k=eoGE1pmsfsF7pSBWxyPnKw&kti=ZJ2eoAAAAAE&s=0&t=1618210280
2023-07-21 21:49:46,377	[INFO]	(main.py:21)on_at_message_create	Bonsu'ior
2023-07-21 21:49:46,378	[INFO]	(main.py:20)on_at_message_create	http://thirdqq.qlogo.cn/g?b=oidb&k=eoGE1pmsfsF7pSBWxyPnKw&kti=ZJ2eoAAAAAE&s=0&t=1618210280
2023-07-21 21:49:46,378	[INFO]	(main.py:21)on_at_message_create	Bonsu'ior
2023-07-21 21:50:23,173	[INFO]	(main.py:20)on_at_message_create	http://thirdqq.qlogo.cn/g?b=oidb&k=eoGE1pmsfsF7pSBWxyPnKw&kti=ZJ2eoAAAAAE&s=0&t=1618210280
2023-07-21 21:50:23,173	[INFO]	(main.py:21)on_at_message_create	Bonsu'ior
2023-07-21 21:50:23,386	[INFO]	(main.py:20)on_at_message_create	http://thirdqq.qlogo.cn/g?b=oidb&k=eoGE1pmsfsF7pSBWxyPnKw&kti=ZJ2eoAAAAAE&s=0&t=1618210280
2023-07-21 21:50:23,386	[INFO]	(main.py:21)on_at_message_create	Bonsu'ior
2023-07-21 21:50:51,430	[INFO]	(main.py:20)on_at_message_create	http://thirdqq.qlogo.cn/g?b=oidb&k=eoGE1pmsfsF7pSBWxyPnKw&kti=ZJ2eoAAAAAE&s=0&t=1618210280
2023-07-21 21:50:51,430	[INFO]	(main.py:21)on_at_message_create	Bonsu'ior
2023-07-21 21:50:52,220	[INFO]	(main.py:20)on_at_message_create	http://thirdqq.qlogo.cn/g?b=oidb&k=eoGE1pmsfsF7pSBWxyPnKw&kti=ZJ2eoAAAAAE&s=0&t=1618210280
2023-07-21 21:50:52,221	[INFO]	(main.py:21)on_at_message_create	Bonsu'ior
2023-07-21 22:02:54,887	[INFO]	(main.py:20)on_at_message_create	http://thirdqq.qlogo.cn/g?b=oidb&k=eoGE1pmsfsF7pSBWxyPnKw&kti=ZJ2eoAAAAAE&s=0&t=1618210280
2023-07-21 22:02:54,888	[INFO]	(main.py:21)on_at_message_create	Bonsu'ior
2023-07-21 22:02:55,116	[INFO]	(main.py:20)on_at_message_create	http://thirdqq.qlogo.cn/g?b=oidb&k=eoGE1pmsfsF7pSBWxyPnKw&kti=ZJ2eoAAAAAE&s=0&t=1618210280
2023-07-21 22:02:55,116	[INFO]	(main.py:21)on_at_message_create	Bonsu'ior
2023-07-21 22:03:21,919	[INFO]	(main.py:20)on_at_message_create	http://thirdqq.qlogo.cn/g?b=oidb&k=eoGE1pmsfsF7pSBWxyPnKw&kti=ZJ2eoAAAAAE&s=0&t=1618210280
2023-07-21 22:03:21,919	[INFO]	(main.py:21)on_at_message_create	Bonsu'ior
2023-07-21 22:03:22,135	[INFO]	(main.py:20)on_at_message_create	http://thirdqq.qlogo.cn/g?b=oidb&k=eoGE1pmsfsF7pSBWxyPnKw&kti=ZJ2eoAAAAAE&s=0&t=1618210280
2023-07-21 22:03:22,135	[INFO]	(main.py:21)on_at_message_create	Bonsu'ior
2023-07-21 22:16:22,693	[INFO]	(gateway.py:54)on_closed	[botpy] 关闭, 返回码: 4009, 返回信息: Session timed out
2023-07-21 22:16:27,717	[INFO]	(connection.py:59)multi_run	[botpy] 最大并发连接数: 1, 启动会话数: 1
2023-07-21 22:16:27,718	[INFO]	(client.py:236)bot_connect	[botpy] 会话启动中...
2023-07-21 22:16:27,718	[INFO]	(gateway.py:110)ws_connect	[botpy] 启动中...
2023-07-21 22:16:27,926	[INFO]	(gateway.py:169)ws_resume	[botpy] 重连启动...
2023-07-21 22:16:28,025	[INFO]	(gateway.py:85)on_message	[botpy] 机器人重连成功! 
2023-07-21 22:16:28,025	[INFO]	(gateway.py:217)_send_heart	[botpy] 心跳维持启动...
2023-07-21 22:16:51,861	[INFO]	(gateway.py:54)on_closed	[botpy] 关闭, 返回码: 4009, 返回信息: Session timed out
2023-07-21 22:16:56,861	[INFO]	(connection.py:59)multi_run	[botpy] 最大并发连接数: 1, 启动会话数: 1
2023-07-21 22:16:56,861	[INFO]	(client.py:236)bot_connect	[botpy] 会话启动中...
2023-07-21 22:16:56,863	[INFO]	(gateway.py:110)ws_connect	[botpy] 启动中...
2023-07-21 22:16:57,090	[INFO]	(gateway.py:169)ws_resume	[botpy] 重连启动...
2023-07-21 22:16:57,163	[INFO]	(gateway.py:85)on_message	[botpy] 机器人重连成功! 
2023-07-21 22:16:57,163	[INFO]	(gateway.py:217)_send_heart	[botpy] 心跳维持启动...
