2023-06-29 21:01:48,804	[INFO]	(client.py:159)_bot_login	[botpy] 登录机器人账号中...
2023-06-29 21:01:49,254	[INFO]	(client.py:178)_bot_init	[botpy] 程序启动...
2023-06-29 21:01:49,254	[INFO]	(connection.py:59)multi_run	[botpy] 最大并发连接数: 1, 启动会话数: 1
2023-06-29 21:01:49,254	[INFO]	(client.py:236)bot_connect	[botpy] 会话启动中...
2023-06-29 21:01:49,254	[INFO]	(gateway.py:110)ws_connect	[botpy] 启动中...
2023-06-29 21:01:49,411	[INFO]	(gateway.py:136)ws_identify	[botpy] 鉴权中...
2023-06-29 21:01:49,529	[INFO]	(gateway.py:80)on_message	[botpy] 机器人「Ower-测试中」启动成功！
2023-06-29 21:01:49,530	[INFO]	(gateway.py:217)_send_heart	[botpy] 心跳维持启动...
2023-06-29 21:01:49,540	[INFO]	(测试.py:17)on_ready	robot 「Ower-测试中」 on_ready!
2023-06-29 21:02:03,555	[INFO]	(测试.py:20)on_at_message_create	https://qqchannel-profile-1251316161.file.myqcloud.com/16605616176d9cc4db9e8eebcd?t=1660561617
2023-06-29 21:02:03,556	[INFO]	(测试.py:23)on_at_message_create	白瞎子
2023-06-29 21:05:01,749	[INFO]	(client.py:159)_bot_login	[botpy] 登录机器人账号中...
2023-06-29 21:05:02,136	[INFO]	(client.py:178)_bot_init	[botpy] 程序启动...
2023-06-29 21:05:02,136	[INFO]	(connection.py:59)multi_run	[botpy] 最大并发连接数: 1, 启动会话数: 1
2023-06-29 21:05:02,136	[INFO]	(client.py:236)bot_connect	[botpy] 会话启动中...
2023-06-29 21:05:02,136	[INFO]	(gateway.py:110)ws_connect	[botpy] 启动中...
2023-06-29 21:05:02,289	[INFO]	(gateway.py:136)ws_identify	[botpy] 鉴权中...
2023-06-29 21:05:02,383	[INFO]	(gateway.py:80)on_message	[botpy] 机器人「Ower-测试中」启动成功！
2023-06-29 21:05:02,384	[INFO]	(gateway.py:217)_send_heart	[botpy] 心跳维持启动...
2023-06-29 21:05:02,384	[INFO]	(测试.py:17)on_ready	robot 「Ower-测试中」 on_ready!
2023-06-29 21:05:18,448	[INFO]	(测试.py:20)on_at_message_create	https://qqchannel-profile-1251316161.file.myqcloud.com/16605616176d9cc4db9e8eebcd?t=1660561617
2023-06-29 21:05:18,448	[INFO]	(测试.py:23)on_at_message_create	白瞎子
